Started by user [8mha:AAAAlh+LCAAAAAAAAP9b85aBtbiIQTGjNKU4P08vOT+vOD8nVc83PyU1x6OyILUoJzMv2y+/JJUBAhiZGBgqihhk0NSjKDWzXb3RdlLBUSYGJk8GtpzUvPSSDB8G5tKinBIGIZ+sxLJE/ZzEvHT94JKizLx0a6BxUmjGOUNodHsLgAzOEgYu/dLi1CL9vNKcHACFIKlWvwAAAA==[0manonymous
Building in workspace C:\Program Files (x86)\Jenkins\jobs\Test Project\workspace
[workspace] $ "C:\Program Files (x86)\Microsoft Visual Studio 11.0\Common7\IDE\tf.exe" workspaces -format:brief -server:http://tfs.aditi.com:8080/tfs/corp ********
Collection: http://tfs.aditi.com:8080/tfs/corp
Workspace                  Owner            Computer Comment
-------------------------- ---------------- -------- --------------------------
Hudson-Demobuild-MASTER    ADITI\sudharsang MTALT098 
Hudson-Test Project-MASTER ADITI\sudharsang MTALT098 
Hudson-Test-MASTER         ADITI\sudharsang MTALT098 
MTALT098                   ADITI\sudharsang MTALT098 
[workspace] $ "C:\Program Files (x86)\Microsoft Visual Studio 11.0\Common7\IDE\tf.exe" get . -recursive -version:D2014-01-03T07:22:38Z -noprompt ********
All files are up to date.
[workspace] $ "C:\Program Files (x86)\Microsoft Visual Studio 11.0\Common7\IDE\tf.exe" history $/TFSManagement/Source/Tools/DemoBuild/webapplicationdemo -recursive -stopafter:1 -noprompt -version:D2014-01-03T07:22:39Z -format:brief ******** -server:http://tfs.aditi.com:8080/tfs/corp
Changeset User              Date       Comment
--------- ----------------- ---------- ----------------------------------------
360       ADITI\raghuramanr 1/16/2012  fixed typo.
[workspace] $ cmd /c call C:\Windows\TEMP\hudson1060686256781366370.bat

C:\Program Files (x86)\Jenkins\jobs\Test Project\workspace>call "C:\Program Files (x86)\Microsoft Visual Studio 11.0\VC\vcvarsall.bat" x86 
Path To MSBuild.exe: C:\Windows\Microsoft.NET\Framework\v4.0.30319\MSBuild.exe
Executing the command cmd.exe /C C:\Windows\Microsoft.NET\Framework\v4.0.30319\MSBuild.exe /p:Configuration=Release webapplicationdemo.sln && exit %%ERRORLEVEL%% from C:\Program Files (x86)\Jenkins\jobs\Test Project\workspace
[workspace] $ cmd.exe /C C:\Windows\Microsoft.NET\Framework\v4.0.30319\MSBuild.exe /p:Configuration=Release webapplicationdemo.sln && exit %%ERRORLEVEL%%
Microsoft (R) Build Engine version 4.0.30319.17929
[Microsoft .NET Framework, version 4.0.30319.18051]
Copyright (C) Microsoft Corporation. All rights reserved.

Building the projects in this solution one at a time. To enable parallel build, please add the "/m" switch.
Build started 1/3/2014 12:52:43 PM.
Project "C:\Program Files (x86)\Jenkins\jobs\Test Project\workspace\webapplicationdemo.sln" on node 1 (default targets).
ValidateSolutionConfiguration:
  Building solution configuration "Release|Any CPU".
Project "C:\Program Files (x86)\Jenkins\jobs\Test Project\workspace\webapplicationdemo.sln" (1) is building "C:\Program Files (x86)\Jenkins\jobs\Test Project\workspace\WebApplicationDemo\WebApplicationDemo.csproj" (2) on node 1 (default targets).
C:\Program Files (x86)\Jenkins\jobs\Test Project\workspace\WebApplicationDemo\WebApplicationDemo.csproj(139,3): error MSB4019: The imported project "C:\Program Files (x86)\MSBuild\Microsoft\VisualStudio\v10.0\WebApplications\Microsoft.WebApplication.targets" was not found. Confirm that the path in the <Import> declaration is correct, and that the file exists on disk.
Done Building Project "C:\Program Files (x86)\Jenkins\jobs\Test Project\workspace\WebApplicationDemo\WebApplicationDemo.csproj" (default targets) -- FAILED.
Project "C:\Program Files (x86)\Jenkins\jobs\Test Project\workspace\webapplicationdemo.sln" (1) is building "C:\Program Files (x86)\Jenkins\jobs\Test Project\workspace\Business\BusinessApi.csproj" (3) on node 1 (default targets).
CoreCompile:
  C:\Windows\Microsoft.NET\Framework\v4.0.30319\Csc.exe /noconfig /nowarn:1701,1702 /nostdlib+ /errorreport:prompt /warn:4 /define:TRACE /highentropyva- /reference:"C:\Program Files (x86)\Reference Assemblies\Microsoft\Framework\.NETFramework\v4.0\Microsoft.CSharp.dll" /reference:"C:\Program Files (x86)\Reference Assemblies\Microsoft\Framework\.NETFramework\v4.0\mscorlib.dll" /reference:"C:\Program Files (x86)\Reference Assemblies\Microsoft\Framework\.NETFramework\v4.0\System.Core.dll" /reference:"C:\Program Files (x86)\Reference Assemblies\Microsoft\Framework\.NETFramework\v4.0\System.Data.DataSetExtensions.dll" /reference:"C:\Program Files (x86)\Reference Assemblies\Microsoft\Framework\.NETFramework\v4.0\System.Data.dll" /reference:"C:\Program Files (x86)\Reference Assemblies\Microsoft\Framework\.NETFramework\v4.0\System.dll" /reference:"C:\Program Files (x86)\Reference Assemblies\Microsoft\Framework\.NETFramework\v4.0\System.Xml.dll" /reference:"C:\Program Files (x86)\Reference Assemblies\Microsoft\Framework\.NETFramework\v4.0\System.Xml.Linq.dll" /debug:pdbonly /filealign:512 /optimize+ /out:obj\Release\Business.dll /target:library /utf8output IBillingGateway.cs ITransactionManager.cs Properties\AssemblyInfo.cs "C:\Windows\TEMP\.NETFramework,Version=v4.0.AssemblyAttributes.cs"
CopyFilesToOutputDirectory:
  Copying file from "obj\Release\Business.dll" to "bin\Release\Business.dll".
  BusinessApi -> C:\Program Files (x86)\Jenkins\jobs\Test Project\workspace\Business\bin\Release\Business.dll
  Copying file from "obj\Release\Business.pdb" to "bin\Release\Business.pdb".
IncrementalClean:
  Deleting file "C:\Program Files (x86)\Jenkins\jobs\Test Project\workspace\Business\obj\Release\ResolveAssemblyReference.cache".
Done Building Project "C:\Program Files (x86)\Jenkins\jobs\Test Project\workspace\Business\BusinessApi.csproj" (default targets).
Project "C:\Program Files (x86)\Jenkins\jobs\Test Project\workspace\webapplicationdemo.sln" (1) is building "C:\Program Files (x86)\Jenkins\jobs\Test Project\workspace\WebProjectTest\WebProjectTest.csproj" (4) on node 1 (default targets).
PrepareForBuild:
  Creating directory "bin\Release\".
  Creating directory "obj\Release\".
Project "C:\Program Files (x86)\Jenkins\jobs\Test Project\workspace\WebProjectTest\WebProjectTest.csproj" (4) is building "C:\Program Files (x86)\Jenkins\jobs\Test Project\workspace\BusinessObjects\BusinessObjects.csproj" (5) on node 1 (default targets).
PrepareForBuild:
  Creating directory "bin\Release\".
  Creating directory "obj\Release\".
GenerateTargetFrameworkMonikerAttribute:
Skipping target "GenerateTargetFrameworkMonikerAttribute" because all output files are up-to-date with respect to the input files.
CoreCompile:
  C:\Windows\Microsoft.NET\Framework\v4.0.30319\Csc.exe /noconfig /nowarn:1701,1702 /nostdlib+ /errorreport:prompt /warn:4 /define:TRACE /highentropyva- /reference:"C:\Program Files (x86)\Jenkins\jobs\Test Project\workspace\Business\bin\Release\Business.dll" /reference:"C:\Program Files (x86)\Reference Assemblies\Microsoft\Framework\.NETFramework\v4.0\Microsoft.CSharp.dll" /reference:"C:\Program Files (x86)\Reference Assemblies\Microsoft\Framework\.NETFramework\v4.0\mscorlib.dll" /reference:"C:\Program Files (x86)\Reference Assemblies\Microsoft\Framework\.NETFramework\v4.0\System.Core.dll" /reference:"C:\Program Files (x86)\Reference Assemblies\Microsoft\Framework\.NETFramework\v4.0\System.Data.DataSetExtensions.dll" /reference:"C:\Program Files (x86)\Reference Assemblies\Microsoft\Framework\.NETFramework\v4.0\System.Data.dll" /reference:"C:\Program Files (x86)\Reference Assemblies\Microsoft\Framework\.NETFramework\v4.0\System.dll" /reference:"C:\Program Files (x86)\Reference Assemblies\Microsoft\Framework\.NETFramework\v4.0\System.Xml.dll" /reference:"C:\Program Files (x86)\Reference Assemblies\Microsoft\Framework\.NETFramework\v4.0\System.Xml.Linq.dll" /debug:pdbonly /filealign:512 /optimize+ /out:obj\Release\BusinessObjects.dll /target:library /utf8output OrderDetails.cs Properties\AssemblyInfo.cs PurchaseManager.cs "C:\Windows\TEMP\.NETFramework,Version=v4.0.AssemblyAttributes.cs"
_CopyFilesMarkedCopyLocal:
  Copying file from "C:\Program Files (x86)\Jenkins\jobs\Test Project\workspace\Business\bin\Release\Business.dll" to "bin\Release\Business.dll".
  Copying file from "C:\Program Files (x86)\Jenkins\jobs\Test Project\workspace\Business\bin\Release\Business.pdb" to "bin\Release\Business.pdb".
CopyFilesToOutputDirectory:
  Copying file from "obj\Release\BusinessObjects.dll" to "bin\Release\BusinessObjects.dll".
  BusinessObjects -> C:\Program Files (x86)\Jenkins\jobs\Test Project\workspace\BusinessObjects\bin\Release\BusinessObjects.dll
  Copying file from "obj\Release\BusinessObjects.pdb" to "bin\Release\BusinessObjects.pdb".
Done Building Project "C:\Program Files (x86)\Jenkins\jobs\Test Project\workspace\BusinessObjects\BusinessObjects.csproj" (default targets).
GenerateTargetFrameworkMonikerAttribute:
Skipping target "GenerateTargetFrameworkMonikerAttribute" because all output files are up-to-date with respect to the input files.
CoreCompile:
  C:\Windows\Microsoft.NET\Framework\v4.0.30319\Csc.exe /noconfig /nowarn:1701,1702 /nostdlib+ /errorreport:prompt /warn:4 /define:TRACE /highentropyva- /reference:"C:\Program Files (x86)\Jenkins\jobs\Test Project\workspace\Business\bin\Release\Business.dll" /reference:"C:\Program Files (x86)\Jenkins\jobs\Test Project\workspace\BusinessObjects\bin\Release\BusinessObjects.dll" /reference:"C:\Program Files (x86)\Microsoft Visual Studio 11.0\Common7\IDE\ReferenceAssemblies\v4.0\Microsoft.VisualStudio.QualityTools.UnitTestFramework.dll" /reference:"C:\Program Files (x86)\Jenkins\jobs\Test Project\workspace\ThirdParty\Moq\Moq.dll" /reference:"C:\Program Files (x86)\Reference Assemblies\Microsoft\Framework\.NETFramework\v4.0\mscorlib.dll" /reference:"C:\Program Files (x86)\Reference Assemblies\Microsoft\Framework\.NETFramework\v4.0\System.Core.dll" /reference:"C:\Program Files (x86)\Reference Assemblies\Microsoft\Framework\.NETFramework\v4.0\System.dll" /debug:pdbonly /filealign:512 /optimize+ /out:obj\Release\WebProjectTest.dll /target:library /utf8output Properties\AssemblyInfo.cs TestPurchaseManager.cs "C:\Windows\TEMP\.NETFramework,Version=v4.0.AssemblyAttributes.cs"
_CopyFilesMarkedCopyLocal:
  Copying file from "C:\Program Files (x86)\Jenkins\jobs\Test Project\workspace\Business\bin\Release\Business.dll" to "bin\Release\Business.dll".
  Copying file from "C:\Program Files (x86)\Jenkins\jobs\Test Project\workspace\BusinessObjects\bin\Release\BusinessObjects.dll" to "bin\Release\BusinessObjects.dll".
  Copying file from "C:\Program Files (x86)\Jenkins\jobs\Test Project\workspace\ThirdParty\Moq\Moq.dll" to "bin\Release\Moq.dll".
  Copying file from "C:\Program Files (x86)\Jenkins\jobs\Test Project\workspace\BusinessObjects\bin\Release\BusinessObjects.pdb" to "bin\Release\BusinessObjects.pdb".
  Copying file from "C:\Program Files (x86)\Jenkins\jobs\Test Project\workspace\Business\bin\Release\Business.pdb" to "bin\Release\Business.pdb".
  Copying file from "C:\Program Files (x86)\Jenkins\jobs\Test Project\workspace\ThirdParty\Moq\Moq.pdb" to "bin\Release\Moq.pdb".
  Copying file from "C:\Program Files (x86)\Jenkins\jobs\Test Project\workspace\ThirdParty\Moq\Moq.xml" to "bin\Release\Moq.xml".
CopyFilesToOutputDirectory:
  Copying file from "obj\Release\WebProjectTest.dll" to "bin\Release\WebProjectTest.dll".
  WebProjectTest -> C:\Program Files (x86)\Jenkins\jobs\Test Project\workspace\WebProjectTest\bin\Release\WebProjectTest.dll
  Copying file from "obj\Release\WebProjectTest.pdb" to "bin\Release\WebProjectTest.pdb".
Done Building Project "C:\Program Files (x86)\Jenkins\jobs\Test Project\workspace\WebProjectTest\WebProjectTest.csproj" (default targets).
Done Building Project "C:\Program Files (x86)\Jenkins\jobs\Test Project\workspace\webapplicationdemo.sln" (default targets) -- FAILED.

Build FAILED.

"C:\Program Files (x86)\Jenkins\jobs\Test Project\workspace\webapplicationdemo.sln" (default target) (1) ->
"C:\Program Files (x86)\Jenkins\jobs\Test Project\workspace\WebApplicationDemo\WebApplicationDemo.csproj" (default target) (2) ->
  C:\Program Files (x86)\Jenkins\jobs\Test Project\workspace\WebApplicationDemo\WebApplicationDemo.csproj(139,3): error MSB4019: The imported project "C:\Program Files (x86)\MSBuild\Microsoft\VisualStudio\v10.0\WebApplications\Microsoft.WebApplication.targets" was not found. Confirm that the path in the <Import> declaration is correct, and that the file exists on disk.

    0 Warning(s)
    1 Error(s)

Time Elapsed 00:00:02.41
Build step 'Build a Visual Studio project or solution using MSBuild' marked build as failure
Finished: FAILURE
